<?xml version="1.0" encoding="UTF-8"?>
<!-- Generated by org.testng.reporters.JUnitXMLReporter -->
<testsuite hostname="ARDENT-PC" name="Test2" tests="1" failures="1" timestamp="17 Feb 2020 04:36:14 GMT" time="27.149" errors="0">
  <testcase name="makeError" time="26.143" classname="StackOverFlowTest.SampleError">
    <failure type="java.lang.AssertionError" message="expected [false] but found [true]">
      <![CDATA[java.lang.AssertionError: expected [false] but found [true]
	at StackOverFlowTest.SampleError.makeError(SampleError.java:17)
... Removed 32 stack frames]]>
    </failure>
  </testcase> <!-- makeError -->
</testsuite> <!-- Test2 -->
