<html>
<head>
<title>TestNG:  Test</title>
<link href="../testng.css" rel="stylesheet" type="text/css" />
<link href="../my-testng.css" rel="stylesheet" type="text/css" />

<style type="text/css">
.log { display: none;} 
.stack-trace { display: none;} 
</style>
<script type="text/javascript">
<!--
function flip(e) {
  current = e.style.display;
  if (current == 'block') {
    e.style.display = 'none';
    return 0;
  }
  else {
    e.style.display = 'block';
    return 1;
  }
}

function toggleBox(szDivId, elem, msg1, msg2)
{
  var res = -1;  if (document.getElementById) {
    res = flip(document.getElementById(szDivId));
  }
  else if (document.all) {
    // this is the way old msie versions work
    res = flip(document.all[szDivId]);
  }
  if(elem) {
    if(res == 0) elem.innerHTML = msg1; else elem.innerHTML = msg2;
  }

}

function toggleAllBoxes() {
  if (document.getElementsByTagName) {
    d = document.getElementsByTagName('div');
    for (i = 0; i < d.length; i++) {
      if (d[i].className == 'log') {
        flip(d[i]);
      }
    }
  }
}

// -->
</script>

</head>
<body>
<h2 align='center'>Test</h2><table border='1' align="center">
<tr>
<td>Tests passed/Failed/Skipped:</td><td>2/0/2</td>
</tr><tr>
<td>Started on:</td><td>Fri Feb 07 21:34:27 SGT 2020</td>
</tr>
<tr><td>Total time:</td><td>70 seconds (70138 ms)</td>
</tr><tr>
<td>Included groups:</td><td></td>
</tr><tr>
<td>Excluded groups:</td><td></td>
</tr>
</table><p/>
<small><i>(Hover the method name to see the test class name)</i></small><p/>
<table width='100%' border='1' class='invocation-failed'>
<tr><td colspan='4' align='center'><b>FAILED CONFIGURATIONS</b></td></tr>
<tr><td><b>Test method</b></td>
<td width="30%"><b>Exception</b></td>
<td width="10%"><b>Time (seconds)</b></td>
<td><b>Instance</b></td>
</tr>
<tr>
<td title='com.SeleniumBasics.Practice.PracticeSelenium.AutomationPractice1.PracticeAutomation2.setUp()'><b>setUp</b><br>Test class: com.SeleniumBasics.Practice.PracticeSelenium.AutomationPractice1.PracticeAutomation2</td>
<td><div><pre>org.openqa.selenium.SessionNotCreatedException: session not created
from chrome not reachable
  (Session info: chrome=79.0.3945.130)
Build info: version: &apos;3.141.59&apos;, revision: &apos;e82be7d358&apos;, time: &apos;2018-11-14T08:17:03&apos;
System info: host: &apos;ARDENT-PC&apos;, ip: &apos;192.168.56.1&apos;, os.name: &apos;Windows 8.1&apos;, os.arch: &apos;amd64&apos;, os.version: &apos;6.3&apos;, java.version: &apos;1.8.0_131&apos;
Driver info: driver.version: ChromeDriver
remote stacktrace: Backtrace:
	Ordinal0 [0x0018A113+1548563]
	Ordinal0 [0x0010DDA1+1039777]
	Ordinal0 [0x0008E32E+516910]
	Ordinal0 [0x00088012+491538]
	Ordinal0 [0x000886EB+493291]
	Ordinal0 [0x00089855+497749]
	Ordinal0 [0x00085885+481413]
	Ordinal0 [0x0008F0D0+520400]
	Ordinal0 [0x0003C030+180272]
	Ordinal0 [0x0003B59D+177565]
	Ordinal0 [0x000395FB+169467]
	Ordinal0 [0x0002160A+71178]
	Ordinal0 [0x00022690+75408]
	Ordinal0 [0x00022629+75305]
	Ordinal0 [0x001271B7+1143223]
	GetHandleVerifier [0x00222B46+507814]
	GetHandleVerifier [0x00222864+507076]
	GetHandleVerifier [0x00229F47+537511]
	GetHandleVerifier [0x00223402+510050]
	Ordinal0 [0x0011F29C+1110684]
	Ordinal0 [0x0012938B+1151883]
	Ordinal0 [0x001294F3+1152243]
	Ordinal0 [0x001283F5+1147893]
	BaseThreadInitThunk [0x75006A14+36]
	RtlInitializeExceptionChain [0x7749AD8F+143]
	RtlInitializeExceptionChain [0x7749AD5A+90]
	(No symbol) [0x00000000]

	at org.openqa.selenium.remote.W3CHandshakeResponse.lambda$errorHandler$0(W3CHandshakeResponse.java:62)
	at org.openqa.selenium.remote.HandshakeResponse.lambda$getResponseFunction$0(HandshakeResponse.java:30)
	at org.openqa.selenium.remote.ProtocolHandshake.lambda$createSession$0(ProtocolHandshake.java:126)
	at java.util.stream.ReferencePipeline$3$1.accept(ReferencePipeline.java:193)
	at java.util.Spliterators$ArraySpliterator.tryAdvance(Spliterators.java:958)
	at java.util.stream.ReferencePipeline.forEachWithCancel(ReferencePipeline.java:126)
	at java.util.stream.AbstractPipeline.copyIntoWithCancel(AbstractPipeline.java:498)
	at java.util.stream.AbstractPipeline.copyInto(AbstractPipeline.java:485)
	at java.util.stream.AbstractPipeline.wrapAndCopyInto(AbstractPipeline.java:471)
	at java.util.stream.FindOps$FindOp.evaluateSequential(FindOps.java:152)
	at java.util.stream.AbstractPipeline.evaluate(AbstractPipeline.java:234)
	at java.util.stream.ReferencePipeline.findFirst(ReferencePipeline.java:464)
	at org.openqa.selenium.remote.ProtocolHandshake.createSession(ProtocolHandshake.java:128)
	at org.openqa.selenium.remote.ProtocolHandshake.createSession(ProtocolHandshake.java:74)
	at org.openqa.selenium.remote.HttpCommandExecutor.execute(HttpCommandExecutor.java:136)
	at org.openqa.selenium.remote.service.DriverCommandExecutor.execute(DriverCommandExecutor.java:83)
	at org.openqa.selenium.remote.RemoteWebDriver.execute(RemoteWebDriver.java:552)
	at org.openqa.selenium.remote.RemoteWebDriver.startSession(RemoteWebDriver.java:213)
	at org.openqa.selenium.remote.RemoteWebDriver.&lt;init&gt;(RemoteWebDriver.java:131)
	at org.openqa.selenium.chrome.ChromeDriver.&lt;init&gt;(ChromeDriver.java:181)
	at org.openqa.selenium.chrome.ChromeDriver.&lt;init&gt;(ChromeDriver.java:168)
	at org.openqa.selenium.chrome.ChromeDriver.&lt;init&gt;(ChromeDriver.java:123)
	at com.SeleniumBasics.Practice.PracticeSelenium.AutomationPractice1.PracticeAutomation2.setUp(PracticeAutomation2.java:37)
... Removed 28 stack frames</pre></div><a href='#' onClick='toggleBox("stack-trace2099802038", this, "Click to show all stack frames", "Click to hide stack frames")'>Click to show all stack frames</a>
<div class='stack-trace' id='stack-trace2099802038'><pre>org.openqa.selenium.SessionNotCreatedException: session not created
from chrome not reachable
  (Session info: chrome=79.0.3945.130)
Build info: version: &apos;3.141.59&apos;, revision: &apos;e82be7d358&apos;, time: &apos;2018-11-14T08:17:03&apos;
System info: host: &apos;ARDENT-PC&apos;, ip: &apos;192.168.56.1&apos;, os.name: &apos;Windows 8.1&apos;, os.arch: &apos;amd64&apos;, os.version: &apos;6.3&apos;, java.version: &apos;1.8.0_131&apos;
Driver info: driver.version: ChromeDriver
remote stacktrace: Backtrace:
	Ordinal0 [0x0018A113+1548563]
	Ordinal0 [0x0010DDA1+1039777]
	Ordinal0 [0x0008E32E+516910]
	Ordinal0 [0x00088012+491538]
	Ordinal0 [0x000886EB+493291]
	Ordinal0 [0x00089855+497749]
	Ordinal0 [0x00085885+481413]
	Ordinal0 [0x0008F0D0+520400]
	Ordinal0 [0x0003C030+180272]
	Ordinal0 [0x0003B59D+177565]
	Ordinal0 [0x000395FB+169467]
	Ordinal0 [0x0002160A+71178]
	Ordinal0 [0x00022690+75408]
	Ordinal0 [0x00022629+75305]
	Ordinal0 [0x001271B7+1143223]
	GetHandleVerifier [0x00222B46+507814]
	GetHandleVerifier [0x00222864+507076]
	GetHandleVerifier [0x00229F47+537511]
	GetHandleVerifier [0x00223402+510050]
	Ordinal0 [0x0011F29C+1110684]
	Ordinal0 [0x0012938B+1151883]
	Ordinal0 [0x001294F3+1152243]
	Ordinal0 [0x001283F5+1147893]
	BaseThreadInitThunk [0x75006A14+36]
	RtlInitializeExceptionChain [0x7749AD8F+143]
	RtlInitializeExceptionChain [0x7749AD5A+90]
	(No symbol) [0x00000000]

	at sun.reflect.NativeConstructorAccessorImpl.newInstance0(Native Method)
	at sun.reflect.NativeConstructorAccessorImpl.newInstance(NativeConstructorAccessorImpl.java:62)
	at sun.reflect.DelegatingConstructorAccessorImpl.newInstance(DelegatingConstructorAccessorImpl.java:45)
	at java.lang.reflect.Constructor.newInstance(Constructor.java:423)
	at org.openqa.selenium.remote.W3CHandshakeResponse.lambda$errorHandler$0(W3CHandshakeResponse.java:62)
	at org.openqa.selenium.remote.HandshakeResponse.lambda$getResponseFunction$0(HandshakeResponse.java:30)
	at org.openqa.selenium.remote.ProtocolHandshake.lambda$createSession$0(ProtocolHandshake.java:126)
	at java.util.stream.ReferencePipeline$3$1.accept(ReferencePipeline.java:193)
	at java.util.Spliterators$ArraySpliterator.tryAdvance(Spliterators.java:958)
	at java.util.stream.ReferencePipeline.forEachWithCancel(ReferencePipeline.java:126)
	at java.util.stream.AbstractPipeline.copyIntoWithCancel(AbstractPipeline.java:498)
	at java.util.stream.AbstractPipeline.copyInto(AbstractPipeline.java:485)
	at java.util.stream.AbstractPipeline.wrapAndCopyInto(AbstractPipeline.java:471)
	at java.util.stream.FindOps$FindOp.evaluateSequential(FindOps.java:152)
	at java.util.stream.AbstractPipeline.evaluate(AbstractPipeline.java:234)
	at java.util.stream.ReferencePipeline.findFirst(ReferencePipeline.java:464)
	at org.openqa.selenium.remote.ProtocolHandshake.createSession(ProtocolHandshake.java:128)
	at org.openqa.selenium.remote.ProtocolHandshake.createSession(ProtocolHandshake.java:74)
	at org.openqa.selenium.remote.HttpCommandExecutor.execute(HttpCommandExecutor.java:136)
	at org.openqa.selenium.remote.service.DriverCommandExecutor.execute(DriverCommandExecutor.java:83)
	at org.openqa.selenium.remote.RemoteWebDriver.execute(RemoteWebDriver.java:552)
	at org.openqa.selenium.remote.RemoteWebDriver.startSession(RemoteWebDriver.java:213)
	at org.openqa.selenium.remote.RemoteWebDriver.&lt;init&gt;(RemoteWebDriver.java:131)
	at org.openqa.selenium.chrome.ChromeDriver.&lt;init&gt;(ChromeDriver.java:181)
	at org.openqa.selenium.chrome.ChromeDriver.&lt;init&gt;(ChromeDriver.java:168)
	at org.openqa.selenium.chrome.ChromeDriver.&lt;init&gt;(ChromeDriver.java:123)
	at com.SeleniumBasics.Practice.PracticeSelenium.AutomationPractice1.PracticeAutomation2.setUp(PracticeAutomation2.java:37)
	at sun.reflect.NativeMethodAccessorImpl.invoke0(Native Method)
	at sun.reflect.NativeMethodAccessorImpl.invoke(NativeMethodAccessorImpl.java:62)
	at sun.reflect.DelegatingMethodAccessorImpl.invoke(DelegatingMethodAccessorImpl.java:43)
	at java.lang.reflect.Method.invoke(Method.java:498)
	at org.testng.internal.MethodInvocationHelper.invokeMethod(MethodInvocationHelper.java:86)
	at org.testng.internal.Invoker.invokeConfigurationMethod(Invoker.java:514)
	at org.testng.internal.Invoker.invokeConfigurations(Invoker.java:215)
	at org.testng.internal.Invoker.invokeConfigurations(Invoker.java:142)
	at org.testng.internal.TestMethodWorker.invokeBeforeClassMethods(TestMethodWorker.java:178)
	at org.testng.internal.TestMethodWorker.run(TestMethodWorker.java:108)
	at org.testng.TestRunner.privateRun(TestRunner.java:782)
	at org.testng.TestRunner.run(TestRunner.java:632)
	at org.testng.SuiteRunner.runTest(SuiteRunner.java:366)
	at org.testng.SuiteRunner.runSequentially(SuiteRunner.java:361)
	at org.testng.SuiteRunner.privateRun(SuiteRunner.java:319)
	at org.testng.SuiteRunner.run(SuiteRunner.java:268)
	at org.testng.SuiteRunnerWorker.runSuite(SuiteRunnerWorker.java:52)
	at org.testng.SuiteRunnerWorker.run(SuiteRunnerWorker.java:86)
	at org.testng.TestNG.runSuitesSequentially(TestNG.java:1244)
	at org.testng.TestNG.runSuitesLocally(TestNG.java:1169)
	at org.testng.TestNG.run(TestNG.java:1064)
	at org.testng.remote.AbstractRemoteTestNG.run(AbstractRemoteTestNG.java:114)
	at org.testng.remote.RemoteTestNG.initAndRun(RemoteTestNG.java:251)
	at org.testng.remote.RemoteTestNG.main(RemoteTestNG.java:77)
</pre></div></td>
<td>0</td>
<td>com.SeleniumBasics.Practice.PracticeSelenium.AutomationPractice1.PracticeAutomation2@1b604f19</td></tr>
</table><p>
<table width='100%' border='1' class='invocation-skipped'>
<tr><td colspan='4' align='center'><b>SKIPPED CONFIGURATIONS</b></td></tr>
<tr><td><b>Test method</b></td>
<td width="30%"><b>Exception</b></td>
<td width="10%"><b>Time (seconds)</b></td>
<td><b>Instance</b></td>
</tr>
<tr>
<td title='com.SeleniumBasics.Practice.PracticeSelenium.AutomationPractice1.PracticeAutomation2.quitBrowser()'><b>quitBrowser</b><br>Test class: com.SeleniumBasics.Practice.PracticeSelenium.AutomationPractice1.PracticeAutomation2</td>
<td></td>
<td>0</td>
<td>com.SeleniumBasics.Practice.PracticeSelenium.AutomationPractice1.PracticeAutomation2@1b604f19</td></tr>
</table><p>
<table width='100%' border='1' class='invocation-passed'>
<tr><td colspan='4' align='center'><b>PASSED TESTS</b></td></tr>
<tr><td><b>Test method</b></td>
<td width="30%"><b>Exception</b></td>
<td width="10%"><b>Time (seconds)</b></td>
<td><b>Instance</b></td>
</tr>
<tr>
<td title='com.SeleniumBasics.Practice.PracticeSelenium.AutomationPractice1.PracticeAutomation1.newMethod()'><b>newMethod</b><br>Test class: com.SeleniumBasics.Practice.PracticeSelenium.AutomationPractice1.PracticeAutomation1</td>
<td></td>
<td>0</td>
<td>com.SeleniumBasics.Practice.PracticeSelenium.AutomationPractice1.PracticeAutomation1@1593948d</td></tr>
<tr>
<td title='com.SeleniumBasics.Practice.PracticeSelenium.AutomationPractice1.PracticeAutomation1.testAutomation1()'><b>testAutomation1</b><br>Test class: com.SeleniumBasics.Practice.PracticeSelenium.AutomationPractice1.PracticeAutomation1<br>Parameters: Jerome Reyes</td>
<td></td>
<td>26</td>
<td>com.SeleniumBasics.Practice.PracticeSelenium.AutomationPractice1.PracticeAutomation1@1593948d</td></tr>
</table><p>
<table width='100%' border='1' class='invocation-skipped'>
<tr><td colspan='4' align='center'><b>SKIPPED TESTS</b></td></tr>
<tr><td><b>Test method</b></td>
<td width="30%"><b>Exception</b></td>
<td width="10%"><b>Time (seconds)</b></td>
<td><b>Instance</b></td>
</tr>
<tr>
<td title='com.SeleniumBasics.Practice.PracticeSelenium.AutomationPractice1.PracticeAutomation2.automationTest()'><b>automationTest</b><br>Test class: com.SeleniumBasics.Practice.PracticeSelenium.AutomationPractice1.PracticeAutomation2</td>
<td></td>
<td>0</td>
<td>com.SeleniumBasics.Practice.PracticeSelenium.AutomationPractice1.PracticeAutomation2@1b604f19</td></tr>
<tr>
<td title='com.SeleniumBasics.Practice.PracticeSelenium.AutomationPractice1.PracticeAutomation2.newMethod1()'><b>newMethod1</b><br>Test class: com.SeleniumBasics.Practice.PracticeSelenium.AutomationPractice1.PracticeAutomation2</td>
<td></td>
<td>0</td>
<td>com.SeleniumBasics.Practice.PracticeSelenium.AutomationPractice1.PracticeAutomation2@1b604f19</td></tr>
</table><p>
</body>
</html>