<?xml version="1.0" encoding="UTF-8"?>
<!-- Generated by org.testng.reporters.JUnitXMLReporter -->
<testsuite hostname="ARDENT-PC" name="Test" tests="4" failures="0" timestamp="7 Feb 2020 13:35:37 GMT" time="70.138" errors="0">
  <testcase name="@BeforeClass setUp" time="0.0" classname="com.SeleniumBasics.Practice.PracticeSelenium.AutomationPractice1.PracticeAutomation2">
    <failure type="org.openqa.selenium.SessionNotCreatedException" message="session not created
from chrome not reachable
  (Session info: chrome=79.0.3945.130)
Build info: version: &amp;apos;3.141.59&amp;apos;, revision: &amp;apos;e82be7d358&amp;apos;, time: &amp;apos;2018-11-14T08:17:03&amp;apos;
System info: host: &amp;apos;ARDENT-PC&amp;apos;, ip: &amp;apos;192.168.56.1&amp;apos;, os.name: &amp;apos;Windows 8.1&amp;apos;, os.arch: &amp;apos;amd64&amp;apos;, os.version: &amp;apos;6.3&amp;apos;, java.version: &amp;apos;1.8.0_131&amp;apos;
Driver info: driver.version: ChromeDriver
remote stacktrace: Backtrace:
	Ordinal0 [0x0018A113+1548563]
	Ordinal0 [0x0010DDA1+1039777]
	Ordinal0 [0x0008E32E+516910]
	Ordinal0 [0x00088012+491538]
	Ordinal0 [0x000886EB+493291]
	Ordinal0 [0x00089855+497749]
	Ordinal0 [0x00085885+481413]
	Ordinal0 [0x0008F0D0+520400]
	Ordinal0 [0x0003C030+180272]
	Ordinal0 [0x0003B59D+177565]
	Ordinal0 [0x000395FB+169467]
	Ordinal0 [0x0002160A+71178]
	Ordinal0 [0x00022690+75408]
	Ordinal0 [0x00022629+75305]
	Ordinal0 [0x001271B7+1143223]
	GetHandleVerifier [0x00222B46+507814]
	GetHandleVerifier [0x00222864+507076]
	GetHandleVerifier [0x00229F47+537511]
	GetHandleVerifier [0x00223402+510050]
	Ordinal0 [0x0011F29C+1110684]
	Ordinal0 [0x0012938B+1151883]
	Ordinal0 [0x001294F3+1152243]
	Ordinal0 [0x001283F5+1147893]
	BaseThreadInitThunk [0x75006A14+36]
	RtlInitializeExceptionChain [0x7749AD8F+143]
	RtlInitializeExceptionChain [0x7749AD5A+90]
	(No symbol) [0x00000000]
">
      <![CDATA[org.openqa.selenium.SessionNotCreatedException: session not created
from chrome not reachable
  (Session info: chrome=79.0.3945.130)
Build info: version: '3.141.59', revision: 'e82be7d358', time: '2018-11-14T08:17:03'
System info: host: 'ARDENT-PC', ip: '192.168.56.1', os.name: 'Windows 8.1', os.arch: 'amd64', os.version: '6.3', java.version: '1.8.0_131'
Driver info: driver.version: ChromeDriver
remote stacktrace: Backtrace:
	Ordinal0 [0x0018A113+1548563]
	Ordinal0 [0x0010DDA1+1039777]
	Ordinal0 [0x0008E32E+516910]
	Ordinal0 [0x00088012+491538]
	Ordinal0 [0x000886EB+493291]
	Ordinal0 [0x00089855+497749]
	Ordinal0 [0x00085885+481413]
	Ordinal0 [0x0008F0D0+520400]
	Ordinal0 [0x0003C030+180272]
	Ordinal0 [0x0003B59D+177565]
	Ordinal0 [0x000395FB+169467]
	Ordinal0 [0x0002160A+71178]
	Ordinal0 [0x00022690+75408]
	Ordinal0 [0x00022629+75305]
	Ordinal0 [0x001271B7+1143223]
	GetHandleVerifier [0x00222B46+507814]
	GetHandleVerifier [0x00222864+507076]
	GetHandleVerifier [0x00229F47+537511]
	GetHandleVerifier [0x00223402+510050]
	Ordinal0 [0x0011F29C+1110684]
	Ordinal0 [0x0012938B+1151883]
	Ordinal0 [0x001294F3+1152243]
	Ordinal0 [0x001283F5+1147893]
	BaseThreadInitThunk [0x75006A14+36]
	RtlInitializeExceptionChain [0x7749AD8F+143]
	RtlInitializeExceptionChain [0x7749AD5A+90]
	(No symbol) [0x00000000]

	at org.openqa.selenium.remote.W3CHandshakeResponse.lambda$errorHandler$0(W3CHandshakeResponse.java:62)
	at org.openqa.selenium.remote.HandshakeResponse.lambda$getResponseFunction$0(HandshakeResponse.java:30)
	at org.openqa.selenium.remote.ProtocolHandshake.lambda$createSession$0(ProtocolHandshake.java:126)
	at java.util.stream.ReferencePipeline$3$1.accept(ReferencePipeline.java:193)
	at java.util.Spliterators$ArraySpliterator.tryAdvance(Spliterators.java:958)
	at java.util.stream.ReferencePipeline.forEachWithCancel(ReferencePipeline.java:126)
	at java.util.stream.AbstractPipeline.copyIntoWithCancel(AbstractPipeline.java:498)
	at java.util.stream.AbstractPipeline.copyInto(AbstractPipeline.java:485)
	at java.util.stream.AbstractPipeline.wrapAndCopyInto(AbstractPipeline.java:471)
	at java.util.stream.FindOps$FindOp.evaluateSequential(FindOps.java:152)
	at java.util.stream.AbstractPipeline.evaluate(AbstractPipeline.java:234)
	at java.util.stream.ReferencePipeline.findFirst(ReferencePipeline.java:464)
	at org.openqa.selenium.remote.ProtocolHandshake.createSession(ProtocolHandshake.java:128)
	at org.openqa.selenium.remote.ProtocolHandshake.createSession(ProtocolHandshake.java:74)
	at org.openqa.selenium.remote.HttpCommandExecutor.execute(HttpCommandExecutor.java:136)
	at org.openqa.selenium.remote.service.DriverCommandExecutor.execute(DriverCommandExecutor.java:83)
	at org.openqa.selenium.remote.RemoteWebDriver.execute(RemoteWebDriver.java:552)
	at org.openqa.selenium.remote.RemoteWebDriver.startSession(RemoteWebDriver.java:213)
	at org.openqa.selenium.remote.RemoteWebDriver.<init>(RemoteWebDriver.java:131)
	at org.openqa.selenium.chrome.ChromeDriver.<init>(ChromeDriver.java:181)
	at org.openqa.selenium.chrome.ChromeDriver.<init>(ChromeDriver.java:168)
	at org.openqa.selenium.chrome.ChromeDriver.<init>(ChromeDriver.java:123)
	at com.SeleniumBasics.Practice.PracticeSelenium.AutomationPractice1.PracticeAutomation2.setUp(PracticeAutomation2.java:37)
... Removed 28 stack frames]]>
    </failure>
  </testcase> <!-- @BeforeClass setUp -->
  <testcase name="@AfterClass quitBrowser" time="0.0" classname="com.SeleniumBasics.Practice.PracticeSelenium.AutomationPractice1.PracticeAutomation2">
    <skipped/>
  </testcase> <!-- @AfterClass quitBrowser -->
  <testcase name="newMethod" time="0.01" classname="com.SeleniumBasics.Practice.PracticeSelenium.AutomationPractice1.PracticeAutomation1"/>
  <testcase name="testAutomation1" time="26.087" classname="com.SeleniumBasics.Practice.PracticeSelenium.AutomationPractice1.PracticeAutomation1"/>
  <testcase name="automationTest" time="0.016" classname="com.SeleniumBasics.Practice.PracticeSelenium.AutomationPractice1.PracticeAutomation2">
    <skipped/>
  </testcase> <!-- automationTest -->
  <testcase name="newMethod1" time="0.0" classname="com.SeleniumBasics.Practice.PracticeSelenium.AutomationPractice1.PracticeAutomation2">
    <skipped/>
  </testcase> <!-- newMethod1 -->
</testsuite> <!-- Test -->
