<?xml version="1.0" encoding="UTF-8"?>
<!-- Generated by org.testng.reporters.JUnitXMLReporter -->
<testsuite hostname="ARDENT-PC" name="Test2" tests="1" failures="1" timestamp="14 Feb 2020 15:52:32 GMT" time="14.04" errors="0">
  <testcase name="makeError" time="14.033" classname="StackOverFlowTest.SampleError">
    <failure type="java.lang.AssertionError" message="expected [false] but found [true]">
      <![CDATA[java.lang.AssertionError: expected [false] but found [true]
	at StackOverFlowTest.SampleError.makeError(SampleError.java:16)
... Removed 28 stack frames]]>
    </failure>
  </testcase> <!-- makeError -->
</testsuite> <!-- Test2 -->
